<?xml version="1.0" encoding="UTF-8"?>
<!-- Generated by org.testng.reporters.JUnitReportReporter -->
<testsuite hostname="HP" name="org.testing.TestScript.TC1" tests="1" failures="0" timestamp="6 Mar 2019 16:58:05 GMT" time="183.682" errors="0">
  <testcase name="login" time="183.682" classname="org.testing.TestScript.TC1"/>
</testsuite> <!-- org.testing.TestScript.TC1 -->
