<?xml version="1.0" encoding="UTF-8"?>
<!-- Generated by org.testng.reporters.JUnitReportReporter -->
<testsuite hostname="HP" name="org.testing.TestScript.TC3" tests="1" failures="0" timestamp="11 Mar 2019 16:10:25 GMT" time="76.381" errors="0">
  <testcase name="Login" time="76.381" classname="org.testing.TestScript.TC3"/>
</testsuite> <!-- org.testing.TestScript.TC3 -->
