<?xml version="1.0" encoding="UTF-8"?>
<!-- Generated by org.testng.reporters.JUnitReportReporter -->
<testsuite hostname="HP" name="org.testing.TestScript.TC2" tests="1" failures="0" timestamp="11 Mar 2019 17:04:54 GMT" time="171.538" errors="0">
  <testcase name="login" time="171.538" classname="org.testing.TestScript.TC2"/>
</testsuite> <!-- org.testing.TestScript.TC2 -->
